<?xml version="1.0" encoding="UTF-8"?>
<!-- Generated by org.testng.reporters.JUnitReportReporter -->
<testsuite skipped="0" hostname="Latitude" name="core.CreditCardValidationTest" tests="20" failures="0" timestamp="12 Nov 2017 07:40:02 GMT" time="0.280" errors="0">
  <testcase name="exp" time="0.005" classname="core.CreditCardValidationTest"/>
  <testcase name="type" time="0.002" classname="core.CreditCardValidationTest"/>
  <testcase name="luhn" time="0.003" classname="core.CreditCardValidationTest"/>
  <testcase name="exp" time="0.004" classname="core.CreditCardValidationTest"/>
  <testcase name="cvv" time="0.197" classname="core.CreditCardValidationTest"/>
  <testcase name="type" time="0.004" classname="core.CreditCardValidationTest"/>
  <testcase name="cvv" time="0.004" classname="core.CreditCardValidationTest"/>
  <testcase name="luhn" time="0.002" classname="core.CreditCardValidationTest"/>
  <testcase name="luhn" time="0.002" classname="core.CreditCardValidationTest"/>
  <testcase name="cvv" time="0.004" classname="core.CreditCardValidationTest"/>
  <testcase name="type" time="0.003" classname="core.CreditCardValidationTest"/>
  <testcase name="luhn" time="0.003" classname="core.CreditCardValidationTest"/>
  <testcase name="luhn" time="0.003" classname="core.CreditCardValidationTest"/>
  <testcase name="type" time="0.002" classname="core.CreditCardValidationTest"/>
  <testcase name="exp" time="0.017" classname="core.CreditCardValidationTest"/>
  <testcase name="cvv" time="0.005" classname="core.CreditCardValidationTest"/>
  <testcase name="exp" time="0.007" classname="core.CreditCardValidationTest"/>
  <testcase name="exp" time="0.004" classname="core.CreditCardValidationTest"/>
  <testcase name="type" time="0.003" classname="core.CreditCardValidationTest"/>
  <testcase name="cvv" time="0.006" classname="core.CreditCardValidationTest"/>
</testsuite> <!-- core.CreditCardValidationTest -->
